2020-04-29 13:16:10,534 - tweepy.binder - INFO - PARAMS: {}
2020-04-29 13:16:11,097 - twitter_config - INFO - Autenticação Feita na api
2020-04-29 13:18:37,919 - __main__ - DEBUG - Nível do logger: 10
2020-04-29 13:18:37,920 - tweepy.binder - INFO - PARAMS: {}
2020-04-29 13:18:37,921 - requests_oauthlib.oauth1_auth - DEBUG - Signing request <PreparedRequest [GET]> using client <Client client_key=vvCHqHuD4tPy70qyV9LsnG99L, client_secret=****, resource_owner_key=955910288066392065-IsSsrdhYGZfHAhoyRymwA1IPHGkgFbm, resource_owner_secret=****, signature_method=HMAC-SHA1, signature_type=AUTH_HEADER, callback_uri=None, rsa_key=None, verifier=None, realm=None, encoding=utf-8, decoding=None, nonce=None, timestamp=None>
2020-04-29 13:18:37,922 - requests_oauthlib.oauth1_auth - DEBUG - Including body in call to sign: False
2020-04-29 13:18:37,923 - oauthlib.oauth1.rfc5849 - DEBUG - Collected params: [('oauth_nonce', '105423694021720117761588177117'), ('oauth_timestamp', '1588177117'), ('oauth_version', '1.0'), ('oauth_signature_method', 'HMAC-SHA1'), ('oauth_consumer_key', 'vvCHqHuD4tPy70qyV9LsnG99L'), ('oauth_token', '955910288066392065-IsSsrdhYGZfHAhoyRymwA1IPHGkgFbm')]
2020-04-29 13:18:37,923 - oauthlib.oauth1.rfc5849 - DEBUG - Normalized params: oauth_consumer_key=vvCHqHuD4tPy70qyV9LsnG99L&oauth_nonce=105423694021720117761588177117&oauth_signature_method=HMAC-SHA1&oauth_timestamp=1588177117&oauth_token=955910288066392065-IsSsrdhYGZfHAhoyRymwA1IPHGkgFbm&oauth_version=1.0
2020-04-29 13:18:37,924 - oauthlib.oauth1.rfc5849 - DEBUG - Normalized URI: https://api.twitter.com/1.1/account/verify_credentials.json
2020-04-29 13:18:37,924 - oauthlib.oauth1.rfc5849 - DEBUG - Signing: signature base string: GET&https%3A%2F%2Fapi.twitter.com%2F1.1%2Faccount%2Fverify_credentials.json&oauth_consumer_key%3DvvCHqHuD4tPy70qyV9LsnG99L%26oauth_nonce%3D105423694021720117761588177117%26oauth_signature_method%3DHMAC-SHA1%26oauth_timestamp%3D1588177117%26oauth_token%3D955910288066392065-IsSsrdhYGZfHAhoyRymwA1IPHGkgFbm%26oauth_version%3D1.0
2020-04-29 13:18:37,924 - oauthlib.oauth1.rfc5849 - DEBUG - Signature: yKUxrFBUdgsAh6HerLIyaSz8tTY=
2020-04-29 13:18:37,925 - requests_oauthlib.oauth1_auth - DEBUG - Updated url: https://api.twitter.com/1.1/account/verify_credentials.json
2020-04-29 13:18:37,925 - requests_oauthlib.oauth1_auth - DEBUG - Updated headers: {'Host': 'api.twitter.com', 'Authorization': 'OAuth oauth_nonce="105423694021720117761588177117", oauth_timestamp="1588177117", oauth_version="1.0", oauth_signature_method="HMAC-SHA1", oauth_consumer_key="vvCHqHuD4tPy70qyV9LsnG99L", oauth_token="955910288066392065-IsSsrdhYGZfHAhoyRymwA1IPHGkgFbm", oauth_signature="yKUxrFBUdgsAh6HerLIyaSz8tTY%3D"'}
2020-04-29 13:18:37,926 - requests_oauthlib.oauth1_auth - DEBUG - Updated body: None
2020-04-29 13:18:37,927 - urllib3.connectionpool - DEBUG - Starting new HTTPS connection (1): api.twitter.com:443
2020-04-29 13:18:38,403 - urllib3.connectionpool - DEBUG - https://api.twitter.com:443 "GET /1.1/account/verify_credentials.json HTTP/1.1" 200 2720
2020-04-29 13:18:38,404 - twitter_config - INFO - Autenticação Feita na api
2020-04-29 13:18:38,405 - requests_oauthlib.oauth1_auth - DEBUG - Signing request <PreparedRequest [POST]> using client <Client client_key=vvCHqHuD4tPy70qyV9LsnG99L, client_secret=****, resource_owner_key=955910288066392065-IsSsrdhYGZfHAhoyRymwA1IPHGkgFbm, resource_owner_secret=****, signature_method=HMAC-SHA1, signature_type=AUTH_HEADER, callback_uri=None, rsa_key=None, verifier=None, realm=None, encoding=utf-8, decoding=None, nonce=None, timestamp=None>
2020-04-29 13:18:38,406 - requests_oauthlib.oauth1_auth - DEBUG - Including body in call to sign: True
2020-04-29 13:18:38,407 - oauthlib.oauth1.rfc5849 - DEBUG - Collected params: [('delimited', 'length'), ('oauth_nonce', '137876758505079997701588177118'), ('oauth_timestamp', '1588177118'), ('oauth_version', '1.0'), ('oauth_signature_method', 'HMAC-SHA1'), ('oauth_consumer_key', 'vvCHqHuD4tPy70qyV9LsnG99L'), ('oauth_token', '955910288066392065-IsSsrdhYGZfHAhoyRymwA1IPHGkgFbm'), ('track', '#roBBBoBabu,#roBBBoManu,#roBBBoRafa,roBBBoThelma')]
2020-04-29 13:18:38,408 - oauthlib.oauth1.rfc5849 - DEBUG - Normalized params: delimited=length&oauth_consumer_key=vvCHqHuD4tPy70qyV9LsnG99L&oauth_nonce=137876758505079997701588177118&oauth_signature_method=HMAC-SHA1&oauth_timestamp=1588177118&oauth_token=955910288066392065-IsSsrdhYGZfHAhoyRymwA1IPHGkgFbm&oauth_version=1.0&track=%23roBBBoBabu%2C%23roBBBoManu%2C%23roBBBoRafa%2CroBBBoThelma
2020-04-29 13:18:38,408 - oauthlib.oauth1.rfc5849 - DEBUG - Normalized URI: https://stream.twitter.com/1.1/statuses/filter.json
2020-04-29 13:18:38,408 - oauthlib.oauth1.rfc5849 - DEBUG - Signing: signature base string: POST&https%3A%2F%2Fstream.twitter.com%2F1.1%2Fstatuses%2Ffilter.json&delimited%3Dlength%26oauth_consumer_key%3DvvCHqHuD4tPy70qyV9LsnG99L%26oauth_nonce%3D137876758505079997701588177118%26oauth_signature_method%3DHMAC-SHA1%26oauth_timestamp%3D1588177118%26oauth_token%3D955910288066392065-IsSsrdhYGZfHAhoyRymwA1IPHGkgFbm%26oauth_version%3D1.0%26track%3D%2523roBBBoBabu%252C%2523roBBBoManu%252C%2523roBBBoRafa%252CroBBBoThelma
2020-04-29 13:18:38,409 - oauthlib.oauth1.rfc5849 - DEBUG - Signature: j0UQWkisewM1V3UyDUedKzRtiI8=
2020-04-29 13:18:38,409 - requests_oauthlib.oauth1_auth - DEBUG - Updated url: https://stream.twitter.com/1.1/statuses/filter.json?delimited=length
2020-04-29 13:18:38,410 - requests_oauthlib.oauth1_auth - DEBUG - Updated headers: {'Content-Type': 'application/x-www-form-urlencoded', 'Content-Length': '66', 'Authorization': 'OAuth oauth_nonce="137876758505079997701588177118", oauth_timestamp="1588177118", oauth_version="1.0", oauth_signature_method="HMAC-SHA1", oauth_consumer_key="vvCHqHuD4tPy70qyV9LsnG99L", oauth_token="955910288066392065-IsSsrdhYGZfHAhoyRymwA1IPHGkgFbm", oauth_signature="j0UQWkisewM1V3UyDUedKzRtiI8%3D"'}
2020-04-29 13:18:38,410 - requests_oauthlib.oauth1_auth - DEBUG - Updated body: 'track=%23roBBBoBabu%2C%23roBBBoManu%2C%23roBBBoRafa%2CroBBBoThelma'
2020-04-29 13:18:38,412 - urllib3.connectionpool - DEBUG - Starting new HTTPS connection (1): stream.twitter.com:443
2020-04-29 13:18:39,179 - urllib3.connectionpool - DEBUG - https://stream.twitter.com:443 "POST /1.1/statuses/filter.json?delimited=length HTTP/1.1" 200 None
2020-04-29 13:22:21,363 - tweepy.binder - INFO - PARAMS: {}
2020-04-29 13:22:21,852 - twitter_config - INFO - Autenticação Feita na api
2020-04-29 13:22:45,564 - __main__ - WARNING - Saindo do programa
2020-04-29 13:26:54,836 - tweepy.binder - INFO - PARAMS: {}
2020-04-29 13:26:55,363 - twitter_config - INFO - Autenticação Feita na api
2020-04-29 13:26:55,974 - __main__ - WARNING - Saindo do programa
